<?xml version="1.0" encoding="UTF-8"?>
<!-- Generated by org.testng.reporters.JUnitReportReporter -->
<testsuite hostname="DESKTOP-R1TBJ8C" name="com.TestRun.TestRun" tests="1" failures="0" timestamp="7 Apr 2019 09:45:42 GMT" time="5.663" errors="0">
  <testcase name="testcase" time="5.663" classname="com.TestRun.TestRun"/>
</testsuite> <!-- com.TestRun.TestRun -->
